<?xml version="1.0" encoding="UTF-8"?>
<!-- Generated by org.testng.reporters.JUnitXMLReporter -->
<testsuite ignored="6" hostname="sai-PC" failures="0" tests="1" name="IncludeandExclude" time="40.06" errors="0" timestamp="2022-01-04T17:13:54 IST">
  <testcase classname="FireFox.NewTest" name="@BeforeTest beforeTest" time="39.942">
    <failure type="org.openqa.selenium.SessionNotCreatedException" message="Could not start a new session. Response code 500. Message: session not created
from disconnected: received Inspector.detached event
  (Session info: chrome=96.0.4664.110)
Build info: version: &amp;apos;4.1.0&amp;apos;, revision: &amp;apos;87802e897b&amp;apos;
System info: host: &amp;apos;SAI-PC&amp;apos;, ip: &amp;apos;127.0.0.1&amp;apos;, os.name: &amp;apos;Windows 7&amp;apos;, os.arch: &amp;apos;amd64&amp;apos;, os.version: &amp;apos;6.1&amp;apos;, java.version: &amp;apos;16.0.2&amp;apos;
Driver info: org.openqa.selenium.chrome.ChromeDriver
Command: [null, newSession {capabilities=[Capabilities {browserName: chrome, goog:chromeOptions: {args: [], extensions: []}}], desiredCapabilities=Capabilities {browserName: chrome, goog:chromeOptions: {args: [], extensions: []}}}]">
      <![CDATA[org.openqa.selenium.SessionNotCreatedException: Could not start a new session. Response code 500. Message: session not created
from disconnected: received Inspector.detached event
  (Session info: chrome=96.0.4664.110)
Build info: version: '4.1.0', revision: '87802e897b'
System info: host: 'SAI-PC', ip: '127.0.0.1', os.name: 'Windows 7', os.arch: 'amd64', os.version: '6.1', java.version: '16.0.2'
Driver info: org.openqa.selenium.chrome.ChromeDriver
Command: [null, newSession {capabilities=[Capabilities {browserName: chrome, goog:chromeOptions: {args: [], extensions: []}}], desiredCapabilities=Capabilities {browserName: chrome, goog:chromeOptions: {args: [], extensions: []}}}]
at org.openqa.selenium.remote.ProtocolHandshake.createSession(ProtocolHandshake.java:126)
at org.openqa.selenium.remote.ProtocolHandshake.createSession(ProtocolHandshake.java:84)
at org.openqa.selenium.remote.ProtocolHandshake.createSession(ProtocolHandshake.java:62)
at org.openqa.selenium.remote.HttpCommandExecutor.execute(HttpCommandExecutor.java:156)
at org.openqa.selenium.remote.service.DriverCommandExecutor.invokeExecute(DriverCommandExecutor.java:164)
at org.openqa.selenium.remote.service.DriverCommandExecutor.execute(DriverCommandExecutor.java:139)
at org.openqa.selenium.remote.RemoteWebDriver.execute(RemoteWebDriver.java:559)
at org.openqa.selenium.remote.RemoteWebDriver.startSession(RemoteWebDriver.java:246)
at org.openqa.selenium.remote.RemoteWebDriver.<init>(RemoteWebDriver.java:168)
at org.openqa.selenium.chromium.ChromiumDriver.<init>(ChromiumDriver.java:108)
at org.openqa.selenium.chrome.ChromeDriver.<init>(ChromeDriver.java:104)
at org.openqa.selenium.chrome.ChromeDriver.<init>(ChromeDriver.java:91)
at org.openqa.selenium.chrome.ChromeDriver.<init>(ChromeDriver.java:46)
at FireFox.NewTest.beforeTest(NewTest.java:59)
... Removed 24 stack frames]]>
    </failure>
  </testcase> <!-- @BeforeTest beforeTest -->
  <testcase classname="FireFox.NewTest" name="@AfterTest afterTest" time="-1.641296634431E9">
    <skipped/>
  </testcase> <!-- @AfterTest afterTest -->
  <testcase classname="FireFox.NewTest" name="prakampanam" time="0.0">
    <skipped/>
  </testcase> <!-- prakampanam -->
  <testcase classname="FireFox.NewTest" name="tstelugunews" time="0.0">
    <ignored/>
  </testcase> <!-- tstelugunews -->
  <testcase classname="FireFox.NewTest" name="baalabharathi" time="0.0">
    <ignored/>
  </testcase> <!-- baalabharathi -->
  <testcase classname="FireFox.NewTest" name="asttrust" time="0.0">
    <ignored/>
  </testcase> <!-- asttrust -->
  <testcase classname="FireFox.NewTest" name="hyderabadreport" time="0.0">
    <ignored/>
  </testcase> <!-- hyderabadreport -->
  <testcase classname="FireFox.NewTest" name="techlern" time="0.0">
    <ignored/>
  </testcase> <!-- techlern -->
  <testcase classname="FireFox.NewTest" name="enrichinterior" time="0.0">
    <ignored/>
  </testcase> <!-- enrichinterior -->
</testsuite> <!-- IncludeandExclude -->
